<?xml version="1.0" encoding="UTF-8"?>
<testng-results skipped="0" failed="1" ignored="0" total="4" passed="3">
  <reporter-output>
  </reporter-output>
  <suite name="Default suite" duration-ms="63340" started-at="2018-09-22T06:46:51Z" finished-at="2018-09-22T06:47:54Z">
    <groups>
    </groups>
    <test name="Default test" duration-ms="63340" started-at="2018-09-22T06:46:51Z" finished-at="2018-09-22T06:47:54Z">
      <class name="guru99Exercises.EcommerceDay1">
        <test-method status="PASS" signature="openBroswer()[pri:0, instance:guru99Exercises.EcommerceDay1@573f2bb1]" name="openBroswer" is-config="true" duration-ms="66420" started-at="2018-09-22T12:15:45Z" finished-at="2018-09-22T12:16:51Z">
          <reporter-output>
          </reporter-output>
        </test-method> <!-- openBroswer -->
        <test-method status="PASS" signature="day1()[pri:0, instance:guru99Exercises.EcommerceDay1@573f2bb1]" name="day1" duration-ms="7472" started-at="2018-09-22T12:16:51Z" finished-at="2018-09-22T12:16:59Z">
          <reporter-output>
          </reporter-output>
        </test-method> <!-- day1 -->
        <test-method status="PASS" signature="ecommerceDay2()[pri:1, instance:guru99Exercises.EcommerceDay1@573f2bb1]" name="ecommerceDay2" duration-ms="8443" started-at="2018-09-22T12:16:59Z" finished-at="2018-09-22T12:17:07Z">
          <reporter-output>
          </reporter-output>
        </test-method> <!-- ecommerceDay2 -->
        <test-method status="PASS" signature="ecommerceDay3()[pri:2, instance:guru99Exercises.EcommerceDay1@573f2bb1]" name="ecommerceDay3" duration-ms="13411" started-at="2018-09-22T12:17:07Z" finished-at="2018-09-22T12:17:21Z">
          <reporter-output>
          </reporter-output>
        </test-method> <!-- ecommerceDay3 -->
        <test-method status="FAIL" signature="ecommerceDay4()[pri:3, instance:guru99Exercises.EcommerceDay1@573f2bb1]" name="ecommerceDay4" duration-ms="33573" started-at="2018-09-22T12:17:21Z" finished-at="2018-09-22T12:17:54Z">
          <exception class="org.openqa.selenium.NoSuchElementException">
            <message>
              <![CDATA[Unable to locate element: /html/body/div/div/div[2]/div/div[3]/div[2]/div[2]/div/button
For documentation on this error, please visit: http://seleniumhq.org/exceptions/no_such_element.html
Build info: version: '3.4.0', revision: 'unknown', time: 'unknown'
System info: host: 'KARTHICK-PC', ip: '192.168.1.101', os.name: 'Windows 7', os.arch: 'amd64', os.version: '6.1', java.version: '1.8.0_131'
Driver info: org.openqa.selenium.firefox.FirefoxDriver
Capabilities [{moz:profile=C:\Users\Karthick\AppData\Local\Temp\rust_mozprofile.rRnTM3sOam03, rotatable=false, timeouts={implicit=0.0, pageLoad=300000.0, script=30000.0}, pageLoadStrategy=normal, moz:headless=false, platform=ANY, moz:accessibilityChecks=false, moz:useNonSpecCompliantPointerOrigin=false, acceptInsecureCerts=false, browserVersion=62.0, platformVersion=6.1, moz:processID=4156.0, browserName=firefox, javascriptEnabled=true, platformName=windows_nt, moz:webdriverClick=true}]
Session ID: 0ec8d464-27e8-4349-b6ea-0ea49e259f08
*** Element info: {Using=xpath, value=/html/body/div/div/div[2]/div/div[3]/div[2]/div[2]/div/button}]]>
            </message>
            <full-stacktrace>
              <![CDATA[org.openqa.selenium.NoSuchElementException: Unable to locate element: /html/body/div/div/div[2]/div/div[3]/div[2]/div[2]/div/button
For documentation on this error, please visit: http://seleniumhq.org/exceptions/no_such_element.html
Build info: version: '3.4.0', revision: 'unknown', time: 'unknown'
System info: host: 'KARTHICK-PC', ip: '192.168.1.101', os.name: 'Windows 7', os.arch: 'amd64', os.version: '6.1', java.version: '1.8.0_131'
Driver info: org.openqa.selenium.firefox.FirefoxDriver
Capabilities [{moz:profile=C:\Users\Karthick\AppData\Local\Temp\rust_mozprofile.rRnTM3sOam03, rotatable=false, timeouts={implicit=0.0, pageLoad=300000.0, script=30000.0}, pageLoadStrategy=normal, moz:headless=false, platform=ANY, moz:accessibilityChecks=false, moz:useNonSpecCompliantPointerOrigin=false, acceptInsecureCerts=false, browserVersion=62.0, platformVersion=6.1, moz:processID=4156.0, browserName=firefox, javascriptEnabled=true, platformName=windows_nt, moz:webdriverClick=true}]
Session ID: 0ec8d464-27e8-4349-b6ea-0ea49e259f08
*** Element info: {Using=xpath, value=/html/body/div/div/div[2]/div/div[3]/div[2]/div[2]/div/button}
	at sun.reflect.NativeConstructorAccessorImpl.newInstance0(Native Method)
	at sun.reflect.NativeConstructorAccessorImpl.newInstance(NativeConstructorAccessorImpl.java:62)
	at sun.reflect.DelegatingConstructorAccessorImpl.newInstance(DelegatingConstructorAccessorImpl.java:45)
	at java.lang.reflect.Constructor.newInstance(Constructor.java:423)
	at org.openqa.selenium.remote.http.W3CHttpResponseCodec.createException(W3CHttpResponseCodec.java:150)
	at org.openqa.selenium.remote.http.W3CHttpResponseCodec.decode(W3CHttpResponseCodec.java:115)
	at org.openqa.selenium.remote.http.W3CHttpResponseCodec.decode(W3CHttpResponseCodec.java:45)
	at org.openqa.selenium.remote.HttpCommandExecutor.execute(HttpCommandExecutor.java:164)
	at org.openqa.selenium.remote.service.DriverCommandExecutor.execute(DriverCommandExecutor.java:82)
	at org.openqa.selenium.remote.RemoteWebDriver.execute(RemoteWebDriver.java:637)
	at org.openqa.selenium.remote.RemoteWebDriver.findElement(RemoteWebDriver.java:410)
	at org.openqa.selenium.remote.RemoteWebDriver.findElementByXPath(RemoteWebDriver.java:509)
	at org.openqa.selenium.By$ByXPath.findElement(By.java:361)
	at org.openqa.selenium.remote.RemoteWebDriver.findElement(RemoteWebDriver.java:402)
	at guru99Exercises.EcommerceDay1.ecommerceDay4(EcommerceDay1.java:160)
	at sun.reflect.NativeMethodAccessorImpl.invoke0(Native Method)
	at sun.reflect.NativeMethodAccessorImpl.invoke(NativeMethodAccessorImpl.java:62)
	at sun.reflect.DelegatingMethodAccessorImpl.invoke(DelegatingMethodAccessorImpl.java:43)
	at java.lang.reflect.Method.invoke(Method.java:498)
	at org.testng.internal.MethodInvocationHelper.invokeMethod(MethodInvocationHelper.java:108)
	at org.testng.internal.Invoker.invokeMethod(Invoker.java:669)
	at org.testng.internal.Invoker.invokeTestMethod(Invoker.java:877)
	at org.testng.internal.Invoker.invokeTestMethods(Invoker.java:1201)
	at org.testng.internal.TestMethodWorker.invokeTestMethods(TestMethodWorker.java:125)
	at org.testng.internal.TestMethodWorker.run(TestMethodWorker.java:109)
	at org.testng.TestRunner.privateRun(TestRunner.java:776)
	at org.testng.TestRunner.run(TestRunner.java:634)
	at org.testng.SuiteRunner.runTest(SuiteRunner.java:425)
	at org.testng.SuiteRunner.runSequentially(SuiteRunner.java:420)
	at org.testng.SuiteRunner.privateRun(SuiteRunner.java:385)
	at org.testng.SuiteRunner.run(SuiteRunner.java:334)
	at org.testng.SuiteRunnerWorker.runSuite(SuiteRunnerWorker.java:52)
	at org.testng.SuiteRunnerWorker.run(SuiteRunnerWorker.java:86)
	at org.testng.TestNG.runSuitesSequentially(TestNG.java:1318)
	at org.testng.TestNG.runSuitesLocally(TestNG.java:1243)
	at org.testng.TestNG.runSuites(TestNG.java:1161)
	at org.testng.TestNG.run(TestNG.java:1129)
	at org.testng.remote.AbstractRemoteTestNG.run(AbstractRemoteTestNG.java:114)
	at org.testng.remote.RemoteTestNG.initAndRun(RemoteTestNG.java:251)
	at org.testng.remote.RemoteTestNG.main(RemoteTestNG.java:77)
]]>
            </full-stacktrace>
          </exception> <!-- org.openqa.selenium.NoSuchElementException -->
          <reporter-output>
          </reporter-output>
        </test-method> <!-- ecommerceDay4 -->
      </class> <!-- guru99Exercises.EcommerceDay1 -->
    </test> <!-- Default test -->
  </suite> <!-- Default suite -->
</testng-results>
